[    13.408] _XSERVTransSocketUNIXCreateListener: ...SocketCreateListener() failed
[    13.408] _XSERVTransMakeAllCOTSServerListeners: server already running
[    13.408] (--) Log file renamed from "/home/vanphong17/.local/share/xorg/Xorg.pid-2126.log" to "/home/vanphong17/.local/share/xorg/Xorg.1.log"
[    13.408] 
X.Org X Server 1.21.1.3
X Protocol Version 11, Revision 0
[    13.408] Current Operating System: Linux vanphong17-Inspiron-5490 5.19.0-38-generic #39~22.04.1-Ubuntu SMP PREEMPT_DYNAMIC Fri Mar 17 21:16:15 UTC 2 x86_64
[    13.408] Kernel command line: BOOT_IMAGE=/boot/vmlinuz-5.19.0-38-generic root=UUID=fef9297f-0e5c-4e91-a4db-9bb522c9e301 ro quiet splash vt.handoff=7
[    13.408] xorg-server 2:21.1.3-2ubuntu2.9 (For technical support please see http://www.ubuntu.com/support) 
[    13.408] Current version of pixman: 0.40.0
[    13.408] 	Before reporting problems, check http://wiki.x.org
	to make sure that you have the latest version.
[    13.408] Markers: (--) probed, (**) from config file, (==) default setting,
	(++) from command line, (!!) notice, (II) informational,
	(WW) warning, (EE) error, (NI) not implemented, (??) unknown.
[    13.408] (==) Log file: "/home/vanphong17/.local/share/xorg/Xorg.1.log", Time: Wed Apr 12 16:34:16 2023
[    13.409] (==) Using system config directory "/usr/share/X11/xorg.conf.d"
[    13.409] (==) ServerLayout "layout"
[    13.409] (==) No screen section available. Using defaults.
[    13.409] (**) |-->Screen "Default Screen Section" (0)
[    13.409] (**) |   |-->Monitor "<default monitor>"
[    13.409] (==) No monitor specified for screen "Default Screen Section".
	Using a default monitor configuration.
[    13.409] (==) Automatically adding devices
[    13.409] (==) Automatically enabling devices
[    13.409] (==) Automatically adding GPU devices
[    13.409] (==) Automatically binding GPU devices
[    13.409] (==) Max clients allowed: 256, resource mask: 0x1fffff
[    13.409] (WW) The directory "/usr/share/fonts/X11/cyrillic" does not exist.
[    13.409] 	Entry deleted from font path.
[    13.409] (WW) The directory "/usr/share/fonts/X11/100dpi/" does not exist.
[    13.409] 	Entry deleted from font path.
[    13.409] (WW) The directory "/usr/share/fonts/X11/75dpi/" does not exist.
[    13.409] 	Entry deleted from font path.
[    13.409] (WW) The directory "/usr/share/fonts/X11/100dpi" does not exist.
[    13.409] 	Entry deleted from font path.
[    13.409] (WW) The directory "/usr/share/fonts/X11/75dpi" does not exist.
[    13.409] 	Entry deleted from font path.
[    13.409] (==) FontPath set to:
	/usr/share/fonts/X11/misc,
	/usr/share/fonts/X11/Type1,
	built-ins
[    13.409] (==) ModulePath set to "/usr/lib/xorg/modules"
[    13.409] (II) The server relies on udev to provide the list of input devices.
	If no devices become available, reconfigure udev or disable AutoAddDevices.
[    13.409] (II) Loader magic: 0x55b397ec3020
[    13.409] (II) Module ABI versions:
[    13.409] 	X.Org ANSI C Emulation: 0.4
[    13.409] 	X.Org Video Driver: 25.2
[    13.409] 	X.Org XInput driver : 24.4
[    13.409] 	X.Org Server Extension : 10.0
[    13.410] (++) using VT number 2

[    13.411] (II) systemd-logind: took control of session /org/freedesktop/login1/session/_32
[    13.411] (II) xfree86: Adding drm device (/dev/dri/card0)
[    13.411] (II) Platform probe for /sys/devices/pci0000:00/0000:00:02.0/drm/card0
[    13.412] (II) systemd-logind: got fd for /dev/dri/card0 226:0 fd 15 paused 0
[    13.412] (II) xfree86: Adding drm device (/dev/dri/card1)
[    13.412] (II) Platform probe for /sys/devices/pci0000:00/0000:00:1c.0/0000:01:00.0/drm/card1
[    13.412] (II) systemd-logind: got fd for /dev/dri/card1 226:1 fd 16 paused 0
[    13.413] (**) OutputClass "nvidia" ModulePath extended to "/usr/lib/x86_64-linux-gnu/nvidia/xorg,/usr/lib/xorg/modules"
[    13.414] (--) PCI:*(0@0:2:0) 8086:9b41:1028:0955 rev 2, Mem @ 0xc0000000/16777216, 0xb0000000/268435456, I/O @ 0x00004000/64, BIOS @ 0x????????/131072
[    13.414] (--) PCI: (1@0:0:0) 10de:1d11:1028:0955 rev 161, Mem @ 0xc1000000/16777216, 0x90000000/268435456, 0xa0000000/33554432, I/O @ 0x00003000/128
[    13.414] (II) LoadModule: "glx"
[    13.414] (II) Loading /usr/lib/xorg/modules/extensions/libglx.so
[    13.415] (II) Module glx: vendor="X.Org Foundation"
[    13.415] 	compiled for 1.21.1.3, module version = 1.0.0
[    13.415] 	ABI class: X.Org Server Extension, version 10.0
[    13.415] (II) Applying OutputClass "nvidia" to /dev/dri/card1
[    13.415] 	loading driver: nvidia
[    13.522] (==) Matched nvidia as autoconfigured driver 0
[    13.522] (==) Matched nouveau as autoconfigured driver 1
[    13.522] (==) Matched modesetting as autoconfigured driver 2
[    13.522] (==) Matched fbdev as autoconfigured driver 3
[    13.522] (==) Matched vesa as autoconfigured driver 4
[    13.522] (==) Assigned the driver to the xf86ConfigLayout
[    13.522] (II) LoadModule: "nvidia"
[    13.522] (II) Loading /usr/lib/x86_64-linux-gnu/nvidia/xorg/nvidia_drv.so
[    13.522] (II) Module nvidia: vendor="NVIDIA Corporation"
[    13.522] 	compiled for 1.6.99.901, module version = 1.0.0
[    13.522] 	Module class: X.Org Video Driver
[    13.522] (II) LoadModule: "nouveau"
[    13.522] (II) Loading /usr/lib/xorg/modules/drivers/nouveau_drv.so
[    13.523] (II) Module nouveau: vendor="X.Org Foundation"
[    13.523] 	compiled for 1.21.1.3, module version = 1.0.17
[    13.523] 	Module class: X.Org Video Driver
[    13.523] 	ABI class: X.Org Video Driver, version 25.2
[    13.523] (II) LoadModule: "modesetting"
[    13.523] (II) Loading /usr/lib/xorg/modules/drivers/modesetting_drv.so
[    13.523] (II) Module modesetting: vendor="X.Org Foundation"
[    13.523] 	compiled for 1.21.1.3, module version = 1.21.1
[    13.523] 	Module class: X.Org Video Driver
[    13.523] 	ABI class: X.Org Video Driver, version 25.2
[    13.523] (II) LoadModule: "fbdev"
[    13.523] (II) Loading /usr/lib/xorg/modules/drivers/fbdev_drv.so
[    13.523] (II) Module fbdev: vendor="X.Org Foundation"
[    13.523] 	compiled for 1.21.1.3, module version = 0.5.0
[    13.523] 	Module class: X.Org Video Driver
[    13.523] 	ABI class: X.Org Video Driver, version 25.2
[    13.523] (II) LoadModule: "vesa"
[    13.523] (II) Loading /usr/lib/xorg/modules/drivers/vesa_drv.so
[    13.523] (II) Module vesa: vendor="X.Org Foundation"
[    13.523] 	compiled for 1.21.1.3, module version = 2.5.0
[    13.523] 	Module class: X.Org Video Driver
[    13.523] 	ABI class: X.Org Video Driver, version 25.2
[    13.523] (II) NVIDIA dlloader X Driver  525.105.17  Tue Mar 28 22:23:06 UTC 2023
[    13.523] (II) NVIDIA Unified Driver for all Supported NVIDIA GPUs
[    13.523] (II) NOUVEAU driver Date:   Sat Jan 23 12:24:42 2021 -0500
[    13.523] (II) NOUVEAU driver for NVIDIA chipset families :
[    13.523] 	RIVA TNT            (NV04)
[    13.523] 	RIVA TNT2           (NV05)
[    13.523] 	GeForce 256         (NV10)
[    13.523] 	GeForce 2           (NV11, NV15)
[    13.523] 	GeForce 4MX         (NV17, NV18)
[    13.523] 	GeForce 3           (NV20)
[    13.523] 	GeForce 4Ti         (NV25, NV28)
[    13.523] 	GeForce FX          (NV3x)
[    13.523] 	GeForce 6           (NV4x)
[    13.523] 	GeForce 7           (G7x)
[    13.523] 	GeForce 8           (G8x)
[    13.523] 	GeForce 9           (G9x)
[    13.523] 	GeForce GTX 2xx/3xx (GT2xx)
[    13.523] 	GeForce GTX 4xx/5xx (GFxxx)
[    13.523] 	GeForce GTX 6xx/7xx (GKxxx)
[    13.523] 	GeForce GTX 9xx     (GMxxx)
[    13.524] 	GeForce GTX 10xx    (GPxxx)
[    13.524] (II) modesetting: Driver for Modesetting Kernel Drivers: kms
[    13.524] (II) FBDEV: driver for framebuffer: fbdev
[    13.524] (II) VESA: driver for VESA chipsets: vesa
[    13.524] xf86EnableIO: failed to enable I/O ports 0000-03ff (Operation not permitted)
[    13.524] (II) modeset(0): using drv /dev/dri/card0
[    13.524] (WW) Falling back to old probe method for fbdev
[    13.524] (II) Loading sub module "fbdevhw"
[    13.524] (II) LoadModule: "fbdevhw"
[    13.524] (II) Loading /usr/lib/xorg/modules/libfbdevhw.so
[    13.524] (II) Module fbdevhw: vendor="X.Org Foundation"
[    13.524] 	compiled for 1.21.1.3, module version = 0.0.2
[    13.524] 	ABI class: X.Org Video Driver, version 25.2
[    13.524] (EE) open /dev/fb0: Permission denied
[    13.524] (II) systemd-logind: releasing fd for 226:1
[    13.525] (II) Loading sub module "fb"
[    13.525] (II) LoadModule: "fb"
[    13.525] (II) Module "fb" already built-in
[    13.525] (II) Loading sub module "wfb"
[    13.525] (II) LoadModule: "wfb"
[    13.525] (II) Loading /usr/lib/xorg/modules/libwfb.so
[    13.525] (II) Module wfb: vendor="X.Org Foundation"
[    13.525] 	compiled for 1.21.1.3, module version = 1.0.0
[    13.525] 	ABI class: X.Org ANSI C Emulation, version 0.4
[    13.525] (II) Loading sub module "ramdac"
[    13.525] (II) LoadModule: "ramdac"
[    13.525] (II) Module "ramdac" already built-in
[    13.525] (WW) VGA arbiter: cannot open kernel arbiter, no multi-card support
[    13.525] (II) modeset(0): Creating default Display subsection in Screen section
	"Default Screen Section" for depth/fbbpp 24/32
[    13.525] (==) modeset(0): Depth 24, (==) framebuffer bpp 32
[    13.525] (==) modeset(0): RGB weight 888
[    13.525] (==) modeset(0): Default visual is TrueColor
[    13.525] (II) Loading sub module "glamoregl"
[    13.525] (II) LoadModule: "glamoregl"
[    13.525] (II) Loading /usr/lib/xorg/modules/libglamoregl.so
[    13.529] (II) Module glamoregl: vendor="X.Org Foundation"
[    13.529] 	compiled for 1.21.1.3, module version = 1.0.1
[    13.529] 	ABI class: X.Org ANSI C Emulation, version 0.4
[    13.569] (II) modeset(0): glamor X acceleration enabled on Mesa Intel(R) UHD Graphics (CML GT2)
[    13.569] (II) modeset(0): glamor initialized
[    13.569] (==) modeset(0): VariableRefresh: disabled
[    13.569] (==) modeset(0): AsyncFlipSecondaries: disabled
[    13.571] (II) modeset(0): Output eDP-1 has no monitor section
[    13.580] (II) modeset(0): Output HDMI-1 has no monitor section
[    13.580] (II) modeset(0): Output DP-1 has no monitor section
[    13.589] (II) modeset(0): Output HDMI-2 has no monitor section
[    13.590] (II) modeset(0): EDID for output eDP-1
[    13.590] (II) modeset(0): Manufacturer: LGD  Model: 5f3  Serial#: 0
[    13.590] (II) modeset(0): Year: 2018  Week: 0
[    13.590] (II) modeset(0): EDID Version: 1.4
[    13.590] (II) modeset(0): Digital Display Input
[    13.590] (II) modeset(0): 6 bits per channel
[    13.590] (II) modeset(0): Digital interface is DisplayPort
[    13.591] (II) modeset(0): Max Image Size [cm]: horiz.: 31  vert.: 17
[    13.591] (II) modeset(0): Gamma: 2.20
[    13.591] (II) modeset(0): DPMS capabilities: StandBy Suspend Off
[    13.591] (II) modeset(0): Supported color encodings: RGB 4:4:4 
[    13.591] (II) modeset(0): First detailed timing is preferred mode
[    13.591] (II) modeset(0): Preferred mode is native pixel format and refresh rate
[    13.591] (II) modeset(0): redX: 0.584 redY: 0.369   greenX: 0.350 greenY: 0.557
[    13.591] (II) modeset(0): blueX: 0.154 blueY: 0.106   whiteX: 0.313 whiteY: 0.329
[    13.591] (II) modeset(0): Manufacturer's mask: 0
[    13.591] (II) modeset(0): Supported detailed timing:
[    13.591] (II) modeset(0): clock: 138.7 MHz   Image Size:  309 x 174 mm
[    13.591] (II) modeset(0): h_active: 1920  h_sync: 1968  h_sync_end 2000 h_blank_end 2080 h_border: 0
[    13.591] (II) modeset(0): v_active: 1080  v_sync: 1083  v_sync_end 1088 v_blanking: 1111 v_border: 0
[    13.591] (II) modeset(0): Supported detailed timing:
[    13.591] (II) modeset(0): clock: 111.0 MHz   Image Size:  309 x 174 mm
[    13.591] (II) modeset(0): h_active: 1920  h_sync: 1968  h_sync_end 2000 h_blank_end 2080 h_border: 0
[    13.591] (II) modeset(0): v_active: 1080  v_sync: 1083  v_sync_end 1088 v_blanking: 1111 v_border: 0
[    13.591] (II) modeset(0):  4K1TH€140WFA
[    13.591] (II) modeset(0): Unknown vendor-specific block 0
[    13.591] (II) modeset(0): EDID (in hex):
[    13.591] (II) modeset(0): 	00ffffffffffff0030e4f30500000000
[    13.591] (II) modeset(0): 	001c0104951f1178e2aa95955e598e27
[    13.591] (II) modeset(0): 	1b505400000001010101010101010101
[    13.591] (II) modeset(0): 	0101010101012e3680a070381f403020
[    13.591] (II) modeset(0): 	350035ae1000001a582b80a070381f40
[    13.591] (II) modeset(0): 	3020350035ae1000001a000000fe0034
[    13.591] (II) modeset(0): 	4b315448803134305746410a00000000
[    13.591] (II) modeset(0): 	0000413196001000000a010a2020009e
[    13.591] (II) modeset(0): Printing probed modes for output eDP-1
[    13.591] (II) modeset(0): Modeline "1920x1080"x60.0  138.70  1920 1968 2000 2080  1080 1083 1088 1111 +hsync -vsync (66.7 kHz eP)
[    13.591] (II) modeset(0): Modeline "1680x1050"x60.0  119.27  1680 1728 1760 1840  1050 1053 1059 1080 +hsync -vsync (64.8 kHz d)
[    13.591] (II) modeset(0): Modeline "1400x1050"x60.0  122.09  1400 1488 1640 1880  1050 1052 1064 1082 +hsync +vsync (64.9 kHz d)
[    13.591] (II) modeset(0): Modeline "1600x900"x60.0   97.82  1600 1648 1680 1760  900 903 908 926 +hsync -vsync (55.6 kHz d)
[    13.591] (II) modeset(0): Modeline "1280x1024"x60.0  108.00  1280 1328 1440 1688  1024 1025 1028 1066 +hsync +vsync (64.0 kHz d)
[    13.591] (II) modeset(0): Modeline "1400x900"x60.0   86.70  1400 1448 1480 1560  900 903 913 926 +hsync -vsync (55.6 kHz d)
[    13.591] (II) modeset(0): Modeline "1280x960"x60.0  108.04  1280 1376 1488 1800  960 961 964 1000 +hsync +vsync (60.0 kHz d)
[    13.591] (II) modeset(0): Modeline "1440x810"x60.0  151.99  1440 1464 1480 1520  810 811 814 833 doublescan +hsync -vsync (100.0 kHz d)
[    13.591] (II) modeset(0): Modeline "1368x768"x60.0   72.45  1368 1416 1448 1528  768 771 781 790 +hsync -vsync (47.4 kHz d)
[    13.591] (II) modeset(0): Modeline "1280x800"x60.0   71.13  1280 1328 1360 1440  800 803 809 823 +hsync -vsync (49.4 kHz d)
[    13.591] (II) modeset(0): Modeline "1280x720"x60.0   64.04  1280 1328 1360 1440  720 723 728 741 +hsync -vsync (44.5 kHz d)
[    13.591] (II) modeset(0): Modeline "1024x768"x60.0   65.02  1024 1048 1184 1344  768 771 777 806 -hsync -vsync (48.4 kHz d)
[    13.591] (II) modeset(0): Modeline "960x720"x60.0  117.04  960 1024 1128 1300  720 720 722 750 doublescan -hsync +vsync (90.0 kHz d)
[    13.591] (II) modeset(0): Modeline "928x696"x60.0  109.09  928 976 1088 1264  696 696 698 719 doublescan -hsync +vsync (86.3 kHz d)
[    13.591] (II) modeset(0): Modeline "896x672"x60.0  102.41  896 960 1060 1224  672 672 674 697 doublescan -hsync +vsync (83.7 kHz d)
[    13.591] (II) modeset(0): Modeline "1024x576"x60.0   42.14  1024 1072 1104 1184  576 579 584 593 +hsync -vsync (35.6 kHz d)
[    13.591] (II) modeset(0): Modeline "960x600"x60.0   77.03  960 984 1000 1040  600 601 604 617 doublescan +hsync -vsync (74.1 kHz d)
[    13.591] (II) modeset(0): Modeline "960x540"x60.0   37.38  960 1008 1040 1120  540 543 548 556 +hsync -vsync (33.4 kHz d)
[    13.591] (II) modeset(0): Modeline "800x600"x60.0   38.41  800 824 896 1024  600 601 603 625 +hsync +vsync (37.5 kHz d)
[    13.591] (II) modeset(0): Modeline "840x525"x60.0   59.64  840 864 880 920  525 526 529 540 doublescan +hsync -vsync (64.8 kHz d)
[    13.591] (II) modeset(0): Modeline "864x486"x60.0   30.73  864 912 944 1024  486 489 494 500 +hsync -vsync (30.0 kHz d)
[    13.591] (II) modeset(0): Modeline "700x525"x60.0   61.05  700 744 820 940  525 526 532 541 doublescan +hsync +vsync (64.9 kHz d)
[    13.591] (II) modeset(0): Modeline "800x450"x60.0   48.91  800 824 840 880  450 451 454 463 doublescan +hsync -vsync (55.6 kHz d)
[    13.591] (II) modeset(0): Modeline "640x512"x60.0   54.00  640 664 720 844  512 512 514 533 doublescan +hsync +vsync (64.0 kHz d)
[    13.591] (II) modeset(0): Modeline "700x450"x60.0   43.35  700 724 740 780  450 451 456 463 doublescan +hsync -vsync (55.6 kHz d)
[    13.591] (II) modeset(0): Modeline "640x480"x60.0   25.21  640 656 752 800  480 490 492 525 -hsync -vsync (31.5 kHz d)
[    13.591] (II) modeset(0): Modeline "720x405"x60.0   22.13  720 768 800 880  405 408 413 419 +hsync -vsync (25.1 kHz d)
[    13.591] (II) modeset(0): Modeline "684x384"x60.0   36.23  684 708 724 764  384 385 390 395 doublescan +hsync -vsync (47.4 kHz d)
[    13.591] (II) modeset(0): Modeline "640x360"x60.0   17.96  640 688 720 800  360 363 368 374 +hsync -vsync (22.4 kHz d)
[    13.591] (II) modeset(0): Modeline "512x384"x60.0   32.51  512 524 592 672  384 385 388 403 doublescan -hsync -vsync (48.4 kHz d)
[    13.591] (II) modeset(0): Modeline "512x288"x60.0   21.03  512 536 552 592  288 289 292 296 doublescan +hsync -vsync (35.5 kHz d)
[    13.591] (II) modeset(0): Modeline "480x270"x60.0   18.69  480 504 520 560  270 271 274 278 doublescan +hsync -vsync (33.4 kHz d)
[    13.591] (II) modeset(0): Modeline "400x300"x60.0   19.18  400 412 448 512  300 300 301 312 doublescan +hsync +vsync (37.5 kHz d)
[    13.591] (II) modeset(0): Modeline "432x243"x60.0   15.37  432 456 472 512  243 244 247 250 doublescan +hsync -vsync (30.0 kHz d)
[    13.591] (II) modeset(0): Modeline "320x240"x60.0   12.58  320 328 376 400  240 245 246 262 doublescan -hsync -vsync (31.5 kHz d)
[    13.591] (II) modeset(0): Modeline "360x202"x60.0   11.04  360 384 400 440  202 204 206 209 doublescan +hsync -vsync (25.1 kHz d)
[    13.591] (II) modeset(0): Modeline "320x180"x60.0    8.98  320 344 360 400  180 181 184 187 doublescan +hsync -vsync (22.4 kHz d)
[    13.600] (II) modeset(0): EDID for output HDMI-1
[    13.600] (II) modeset(0): EDID for output DP-1
[    13.609] (II) modeset(0): EDID for output HDMI-2
[    13.609] (II) modeset(0): Output eDP-1 connected
[    13.609] (II) modeset(0): Output HDMI-1 disconnected
[    13.609] (II) modeset(0): Output DP-1 disconnected
[    13.609] (II) modeset(0): Output HDMI-2 disconnected
[    13.609] (II) modeset(0): Using exact sizes for initial modes
[    13.609] (II) modeset(0): Output eDP-1 using initial mode 1920x1080 +0+0
[    13.609] (==) modeset(0): Using gamma correction (1.0, 1.0, 1.0)
[    13.609] (==) modeset(0): DPI set to (96, 96)
[    13.609] (II) Loading sub module "fb"
[    13.609] (II) LoadModule: "fb"
[    13.609] (II) Module "fb" already built-in
[    13.609] (==) NVIDIA(G0): Depth 24, (==) framebuffer bpp 32
[    13.609] (==) NVIDIA(G0): RGB weight 888
[    13.609] (==) NVIDIA(G0): Default visual is TrueColor
[    13.609] (==) NVIDIA(G0): Using gamma correction (1.0, 1.0, 1.0)
[    13.609] (**) Option "AllowNVIDIAGpuScreens"
[    13.609] (II) Applying OutputClass "nvidia" options to /dev/dri/card1
[    13.609] (**) NVIDIA(G0): Option "AllowEmptyInitialConfiguration"
[    13.609] (**) NVIDIA(G0): Enabling 2D acceleration
[    13.609] (II) Loading sub module "glxserver_nvidia"
[    13.609] (II) LoadModule: "glxserver_nvidia"
[    13.609] (II) Loading /usr/lib/x86_64-linux-gnu/nvidia/xorg/libglxserver_nvidia.so
[    13.616] (II) Module glxserver_nvidia: vendor="NVIDIA Corporation"
[    13.616] 	compiled for 1.6.99.901, module version = 1.0.0
[    13.616] 	Module class: X.Org Server Extension
[    13.616] (II) NVIDIA GLX Module  525.105.17  Tue Mar 28 22:21:54 UTC 2023
[    13.616] (II) NVIDIA: The X server supports PRIME Render Offload.
[    13.617] (II) NVIDIA(G0): NVIDIA GPU NVIDIA GeForce MX230 (GP108-A) at PCI:1:0:0
[    13.617] (II) NVIDIA(G0):     (GPU-0)
[    13.617] (--) NVIDIA(G0): Memory: 2097152 kBytes
[    13.617] (--) NVIDIA(G0): VideoBIOS: 86.08.3b.00.02
[    13.617] (II) NVIDIA(G0): Detected PCI Express Link width: 4X
[    13.617] (II) NVIDIA(G0): Validated MetaModes:
[    13.617] (II) NVIDIA(G0):     "NULL"
[    13.617] (II) NVIDIA(G0): Virtual screen size determined to be 640 x 480
[    13.617] (WW) NVIDIA(G0): Unable to get display device for DPI computation.
[    13.617] (==) NVIDIA(G0): DPI set to (75, 75); computed from built-in default
[    13.617] (II) UnloadModule: "nouveau"
[    13.617] (II) Unloading nouveau
[    13.617] (II) UnloadModule: "fbdev"
[    13.617] (II) Unloading fbdev
[    13.617] (II) UnloadSubModule: "fbdevhw"
[    13.617] (II) Unloading fbdevhw
[    13.617] (II) UnloadModule: "vesa"
[    13.617] (II) Unloading vesa
[    13.628] (==) modeset(0): Backing store enabled
[    13.628] (==) modeset(0): Silken mouse enabled
[    13.696] (II) modeset(0): Initializing kms color map for depth 24, 8 bpc.
[    13.696] (==) modeset(0): DPMS enabled
[    13.696] (II) modeset(0): [DRI2] Setup complete
[    13.696] (II) modeset(0): [DRI2]   DRI driver: iris
[    13.696] (II) modeset(0): [DRI2]   VDPAU driver: va_gl
[    13.696] (WW) NVIDIA: Failed to bind sideband socket to
[    13.696] (WW) NVIDIA:     '/var/run/nvidia-xdriver-1dbda183' Permission denied
[    13.696] (II) NVIDIA: Reserving 24576.00 MB of virtual memory for indirect memory
[    13.696] (II) NVIDIA:     access.
[    13.713] (II) NVIDIA(G0): Setting mode "NULL"
[    13.715] (==) NVIDIA(G0): Disabling shared memory pixmaps
[    13.715] (==) NVIDIA(G0): Backing store enabled
[    13.715] (==) NVIDIA(G0): Silken mouse enabled
[    13.715] (==) NVIDIA(G0): DPMS enabled
[    13.715] (II) Loading sub module "dri2"
[    13.715] (II) LoadModule: "dri2"
[    13.715] (II) Module "dri2" already built-in
[    13.716] (II) NVIDIA(G0): [DRI2] Setup complete
[    13.716] (II) NVIDIA(G0): [DRI2]   VDPAU driver: nvidia
[    13.716] (II) Initializing extension Generic Event Extension
[    13.716] (II) Initializing extension SHAPE
[    13.716] (II) Initializing extension MIT-SHM
[    13.716] (II) Initializing extension XInputExtension
[    13.716] (II) Initializing extension XTEST
[    13.716] (II) Initializing extension BIG-REQUESTS
[    13.716] (II) Initializing extension SYNC
[    13.716] (II) Initializing extension XKEYBOARD
[    13.716] (II) Initializing extension XC-MISC
[    13.716] (II) Initializing extension SECURITY
[    13.716] (II) Initializing extension XFIXES
[    13.716] (II) Initializing extension RENDER
[    13.716] (II) Initializing extension RANDR
[    13.717] (II) Initializing extension COMPOSITE
[    13.717] (II) Initializing extension DAMAGE
[    13.717] (II) Initializing extension MIT-SCREEN-SAVER
[    13.717] (II) Initializing extension DOUBLE-BUFFER
[    13.717] (II) Initializing extension RECORD
[    13.717] (II) Initializing extension DPMS
[    13.717] (II) Initializing extension Present
[    13.717] (II) Initializing extension DRI3
[    13.717] (II) Initializing extension X-Resource
[    13.717] (II) Initializing extension XVideo
[    13.718] (II) Initializing extension XVideo-MotionCompensation
[    13.718] (II) Initializing extension SELinux
[    13.718] (II) SELinux: Disabled on system
[    13.718] (II) Initializing extension GLX
[    13.718] (II) Initializing extension GLX
[    13.718] (II) Indirect GLX disabled.
[    13.726] (II) AIGLX: Loaded and initialized iris
[    13.726] (II) GLX: Initialized DRI2 GL provider for screen 0
[    13.726] (II) Initializing extension XFree86-VidModeExtension
[    13.726] (II) Initializing extension XFree86-DGA
[    13.727] (II) Initializing extension XFree86-DRI
[    13.727] (II) Initializing extension DRI2
[    13.727] (II) Initializing extension NV-GLX
[    13.727] (II) Initializing extension NV-CONTROL
[    13.727] (II) modeset(0): Damage tracking initialized
[    13.727] (II) modeset(0): Setting screen physical size to 508 x 285
[    13.753] (II) config/udev: Adding input device Video Bus (/dev/input/event11)
[    13.753] (**) Video Bus: Applying InputClass "libinput keyboard catchall"
[    13.753] (II) LoadModule: "libinput"
[    13.753] (II) Loading /usr/lib/xorg/modules/input/libinput_drv.so
[    13.754] (II) Module libinput: vendor="X.Org Foundation"
[    13.754] 	compiled for 1.20.14, module version = 1.2.1
[    13.754] 	Module class: X.Org XInput Driver
[    13.754] 	ABI class: X.Org XInput driver, version 24.1
[    13.754] (II) Using input driver 'libinput' for 'Video Bus'
[    13.755] (II) systemd-logind: got fd for /dev/input/event11 13:75 fd 45 paused 0
[    13.755] (**) Video Bus: always reports core events
[    13.755] (**) Option "Device" "/dev/input/event11"
[    13.757] (II) event11 - Video Bus: is tagged by udev as: Keyboard
[    13.757] (II) event11 - Video Bus: device is a keyboard
[    13.757] (II) event11 - Video Bus: device removed
[    13.757] (**) Option "config_info" "udev:/sys/devices/LNXSYSTM:00/LNXSYBUS:00/PNP0A08:00/LNXVIDEO:00/input/input16/event11"
[    13.757] (II) XINPUT: Adding extended input device "Video Bus" (type: KEYBOARD, id 6)
[    13.757] (**) Option "xkb_model" "pc105"
[    13.757] (**) Option "xkb_layout" "us"
[    13.758] (II) event11 - Video Bus: is tagged by udev as: Keyboard
[    13.758] (II) event11 - Video Bus: device is a keyboard
[    13.758] (II) config/udev: Adding input device Video Bus (/dev/input/event12)
[    13.758] (**) Video Bus: Applying InputClass "libinput keyboard catchall"
[    13.758] (II) Using input driver 'libinput' for 'Video Bus'
[    13.759] (II) systemd-logind: got fd for /dev/input/event12 13:76 fd 48 paused 0
[    13.759] (**) Video Bus: always reports core events
[    13.759] (**) Option "Device" "/dev/input/event12"
[    13.759] (II) event12 - Video Bus: is tagged by udev as: Keyboard
[    13.759] (II) event12 - Video Bus: device is a keyboard
[    13.759] (II) event12 - Video Bus: device removed
[    13.759] (**) Option "config_info" "udev:/sys/devices/LNXSYSTM:00/LNXSYBUS:00/PNP0A08:00/device:3a/LNXVIDEO:01/input/input17/event12"
[    13.759] (II) XINPUT: Adding extended input device "Video Bus" (type: KEYBOARD, id 7)
[    13.759] (**) Option "xkb_model" "pc105"
[    13.759] (**) Option "xkb_layout" "us"
[    13.760] (II) event12 - Video Bus: is tagged by udev as: Keyboard
[    13.760] (II) event12 - Video Bus: device is a keyboard
[    13.761] (II) config/udev: Adding input device Power Button (/dev/input/event1)
[    13.761] (**) Power Button: Applying InputClass "libinput keyboard catchall"
[    13.761] (II) Using input driver 'libinput' for 'Power Button'
[    13.761] (II) systemd-logind: got fd for /dev/input/event1 13:65 fd 49 paused 0
[    13.761] (**) Power Button: always reports core events
[    13.761] (**) Option "Device" "/dev/input/event1"
[    13.762] (II) event1  - Power Button: is tagged by udev as: Keyboard
[    13.762] (II) event1  - Power Button: device is a keyboard
[    13.762] (II) event1  - Power Button: device removed
[    13.762] (**) Option "config_info" "udev:/sys/devices/LNXSYSTM:00/LNXSYBUS:00/PNP0C0C:00/input/input1/event1"
[    13.762] (II) XINPUT: Adding extended input device "Power Button" (type: KEYBOARD, id 8)
[    13.762] (**) Option "xkb_model" "pc105"
[    13.762] (**) Option "xkb_layout" "us"
[    13.763] (II) event1  - Power Button: is tagged by udev as: Keyboard
[    13.763] (II) event1  - Power Button: device is a keyboard
[    13.763] (II) config/udev: Adding input device Lid Switch (/dev/input/event0)
[    13.763] (II) No input driver specified, ignoring this device.
[    13.763] (II) This device may have been added with another device file.
[    13.764] (II) config/udev: Adding input device PixArt USB Optical Mouse (/dev/input/event6)
[    13.764] (**) PixArt USB Optical Mouse: Applying InputClass "libinput pointer catchall"
[    13.764] (II) Using input driver 'libinput' for 'PixArt USB Optical Mouse'
[    13.764] (II) systemd-logind: got fd for /dev/input/event6 13:70 fd 50 paused 0
[    13.764] (**) PixArt USB Optical Mouse: always reports core events
[    13.764] (**) Option "Device" "/dev/input/event6"
[    13.766] (II) event6  - PixArt USB Optical Mouse: is tagged by udev as: Mouse
[    13.766] (II) event6  - PixArt USB Optical Mouse: device set to 1000 DPI
[    13.766] (II) event6  - PixArt USB Optical Mouse: device is a pointer
[    13.766] (II) event6  - PixArt USB Optical Mouse: device removed
[    13.766] (**) Option "config_info" "udev:/sys/devices/pci0000:00/0000:00:14.0/usb1/1-2/1-2:1.0/0003:093A:2510.0003/input/input8/event6"
[    13.766] (II) XINPUT: Adding extended input device "PixArt USB Optical Mouse" (type: MOUSE, id 9)
[    13.766] (**) Option "AccelerationScheme" "none"
[    13.766] (**) PixArt USB Optical Mouse: (accel) selected scheme none/0
[    13.766] (**) PixArt USB Optical Mouse: (accel) acceleration factor: 2.000
[    13.766] (**) PixArt USB Optical Mouse: (accel) acceleration threshold: 4
[    13.767] (II) event6  - PixArt USB Optical Mouse: is tagged by udev as: Mouse
[    13.767] (II) event6  - PixArt USB Optical Mouse: device set to 1000 DPI
[    13.767] (II) event6  - PixArt USB Optical Mouse: device is a pointer
[    13.768] (II) config/udev: Adding input device PixArt USB Optical Mouse (/dev/input/mouse3)
[    13.768] (II) No input driver specified, ignoring this device.
[    13.768] (II) This device may have been added with another device file.
[    13.768] (II) config/udev: Adding input device Integrated_Webcam_HD: Integrate (/dev/input/event10)
[    13.768] (**) Integrated_Webcam_HD: Integrate: Applying InputClass "libinput keyboard catchall"
[    13.768] (II) Using input driver 'libinput' for 'Integrated_Webcam_HD: Integrate'
[    13.769] (II) systemd-logind: got fd for /dev/input/event10 13:74 fd 51 paused 0
[    13.769] (**) Integrated_Webcam_HD: Integrate: always reports core events
[    13.769] (**) Option "Device" "/dev/input/event10"
[    13.769] (II) event10 - Integrated_Webcam_HD: Integrate: is tagged by udev as: Keyboard
[    13.769] (II) event10 - Integrated_Webcam_HD: Integrate: device is a keyboard
[    13.770] (II) event10 - Integrated_Webcam_HD: Integrate: device removed
[    13.770] (**) Option "config_info" "udev:/sys/devices/pci0000:00/0000:00:14.0/usb1/1-6/1-6:1.0/input/input15/event10"
[    13.770] (II) XINPUT: Adding extended input device "Integrated_Webcam_HD: Integrate" (type: KEYBOARD, id 10)
[    13.770] (**) Option "xkb_model" "pc105"
[    13.770] (**) Option "xkb_layout" "us"
[    13.771] (II) event10 - Integrated_Webcam_HD: Integrate: is tagged by udev as: Keyboard
[    13.771] (II) event10 - Integrated_Webcam_HD: Integrate: device is a keyboard
[    13.771] (II) config/udev: Adding input device DELL0955:00 06CB:CDD5 Mouse (/dev/input/event4)
[    13.771] (**) DELL0955:00 06CB:CDD5 Mouse: Applying InputClass "libinput pointer catchall"
[    13.771] (II) Using input driver 'libinput' for 'DELL0955:00 06CB:CDD5 Mouse'
[    13.772] (II) systemd-logind: got fd for /dev/input/event4 13:68 fd 52 paused 0
[    13.772] (**) DELL0955:00 06CB:CDD5 Mouse: always reports core events
[    13.772] (**) Option "Device" "/dev/input/event4"
[    13.772] (II) event4  - DELL0955:00 06CB:CDD5 Mouse: is tagged by udev as: Mouse Pointingstick
[    13.773] (II) event4  - DELL0955:00 06CB:CDD5 Mouse: device is a pointer
[    13.773] (II) event4  - DELL0955:00 06CB:CDD5 Mouse: device removed
[    13.773] (**) Option "config_info" "udev:/sys/devices/pci0000:00/0000:00:15.0/i2c_designware.0/i2c-1/i2c-DELL0955:00/0018:06CB:CDD5.0001/input/input12/event4"
[    13.773] (II) XINPUT: Adding extended input device "DELL0955:00 06CB:CDD5 Mouse" (type: MOUSE, id 11)
[    13.773] (**) Option "AccelerationScheme" "none"
[    13.773] (**) DELL0955:00 06CB:CDD5 Mouse: (accel) selected scheme none/0
[    13.773] (**) DELL0955:00 06CB:CDD5 Mouse: (accel) acceleration factor: 2.000
[    13.773] (**) DELL0955:00 06CB:CDD5 Mouse: (accel) acceleration threshold: 4
[    13.774] (II) event4  - DELL0955:00 06CB:CDD5 Mouse: is tagged by udev as: Mouse Pointingstick
[    13.774] (II) event4  - DELL0955:00 06CB:CDD5 Mouse: device is a pointer
[    13.775] (II) config/udev: Adding input device DELL0955:00 06CB:CDD5 Mouse (/dev/input/mouse0)
[    13.775] (II) No input driver specified, ignoring this device.
[    13.775] (II) This device may have been added with another device file.
[    13.775] (II) config/udev: Adding input device DELL0955:00 06CB:CDD5 Touchpad (/dev/input/event9)
[    13.775] (**) DELL0955:00 06CB:CDD5 Touchpad: Applying InputClass "libinput touchpad catchall"
[    13.775] (II) Using input driver 'libinput' for 'DELL0955:00 06CB:CDD5 Touchpad'
[    13.776] (II) systemd-logind: got fd for /dev/input/event9 13:73 fd 53 paused 0
[    13.776] (**) DELL0955:00 06CB:CDD5 Touchpad: always reports core events
[    13.776] (**) Option "Device" "/dev/input/event9"
[    13.777] (II) event9  - DELL0955:00 06CB:CDD5 Touchpad: is tagged by udev as: Touchpad
[    13.778] (II) event9  - DELL0955:00 06CB:CDD5 Touchpad: device is a touchpad
[    13.778] (II) event9  - DELL0955:00 06CB:CDD5 Touchpad: device removed
[    13.778] (**) Option "config_info" "udev:/sys/devices/pci0000:00/0000:00:15.0/i2c_designware.0/i2c-1/i2c-DELL0955:00/0018:06CB:CDD5.0001/input/input13/event9"
[    13.778] (II) XINPUT: Adding extended input device "DELL0955:00 06CB:CDD5 Touchpad" (type: TOUCHPAD, id 12)
[    13.780] (**) Option "AccelerationScheme" "none"
[    13.780] (**) DELL0955:00 06CB:CDD5 Touchpad: (accel) selected scheme none/0
[    13.780] (**) DELL0955:00 06CB:CDD5 Touchpad: (accel) acceleration factor: 2.000
[    13.780] (**) DELL0955:00 06CB:CDD5 Touchpad: (accel) acceleration threshold: 4
[    13.780] (II) event9  - DELL0955:00 06CB:CDD5 Touchpad: is tagged by udev as: Touchpad
[    13.781] (II) event9  - DELL0955:00 06CB:CDD5 Touchpad: device is a touchpad
[    13.782] (II) config/udev: Adding input device DELL0955:00 06CB:CDD5 Touchpad (/dev/input/mouse1)
[    13.782] (II) No input driver specified, ignoring this device.
[    13.782] (II) This device may have been added with another device file.
[    13.782] (II) config/udev: Adding input device sof-hda-dsp Headphone Mic (/dev/input/event13)
[    13.782] (II) No input driver specified, ignoring this device.
[    13.782] (II) This device may have been added with another device file.
[    13.783] (II) config/udev: Adding input device sof-hda-dsp HDMI/DP,pcm=3 (/dev/input/event14)
[    13.783] (II) No input driver specified, ignoring this device.
[    13.783] (II) This device may have been added with another device file.
[    13.783] (II) config/udev: Adding input device sof-hda-dsp HDMI/DP,pcm=4 (/dev/input/event15)
[    13.783] (II) No input driver specified, ignoring this device.
[    13.783] (II) This device may have been added with another device file.
[    13.783] (II) config/udev: Adding input device sof-hda-dsp HDMI/DP,pcm=5 (/dev/input/event16)
[    13.783] (II) No input driver specified, ignoring this device.
[    13.783] (II) This device may have been added with another device file.
[    13.784] (II) config/udev: Adding input device Intel HID 5 button array (/dev/input/event8)
[    13.784] (**) Intel HID 5 button array: Applying InputClass "libinput keyboard catchall"
[    13.784] (II) Using input driver 'libinput' for 'Intel HID 5 button array'
[    13.784] (II) systemd-logind: got fd for /dev/input/event8 13:72 fd 54 paused 0
[    13.784] (**) Intel HID 5 button array: always reports core events
[    13.784] (**) Option "Device" "/dev/input/event8"
[    13.784] (II) event8  - Intel HID 5 button array: is tagged by udev as: Keyboard
[    13.785] (II) event8  - Intel HID 5 button array: device is a keyboard
[    13.785] (II) event8  - Intel HID 5 button array: device removed
[    13.785] (**) Option "config_info" "udev:/sys/devices/platform/INT33D5:00/input/input10/event8"
[    13.785] (II) XINPUT: Adding extended input device "Intel HID 5 button array" (type: KEYBOARD, id 13)
[    13.785] (**) Option "xkb_model" "pc105"
[    13.785] (**) Option "xkb_layout" "us"
[    13.785] (II) event8  - Intel HID 5 button array: is tagged by udev as: Keyboard
[    13.785] (II) event8  - Intel HID 5 button array: device is a keyboard
[    13.786] (II) config/udev: Adding input device Intel HID events (/dev/input/event7)
[    13.786] (**) Intel HID events: Applying InputClass "libinput keyboard catchall"
[    13.786] (II) Using input driver 'libinput' for 'Intel HID events'
[    13.786] (II) systemd-logind: got fd for /dev/input/event7 13:71 fd 55 paused 0
[    13.786] (**) Intel HID events: always reports core events
[    13.786] (**) Option "Device" "/dev/input/event7"
[    13.787] (II) event7  - Intel HID events: is tagged by udev as: Keyboard
[    13.787] (II) event7  - Intel HID events: device is a keyboard
[    13.787] (II) event7  - Intel HID events: device removed
[    13.787] (**) Option "config_info" "udev:/sys/devices/platform/INT33D5:00/input/input9/event7"
[    13.787] (II) XINPUT: Adding extended input device "Intel HID events" (type: KEYBOARD, id 14)
[    13.787] (**) Option "xkb_model" "pc105"
[    13.787] (**) Option "xkb_layout" "us"
[    13.787] (II) event7  - Intel HID events: is tagged by udev as: Keyboard
[    13.787] (II) event7  - Intel HID events: device is a keyboard
[    13.788] (II) config/udev: Adding input device Dell WMI hotkeys (/dev/input/event3)
[    13.788] (**) Dell WMI hotkeys: Applying InputClass "libinput keyboard catchall"
[    13.788] (II) Using input driver 'libinput' for 'Dell WMI hotkeys'
[    13.788] (II) systemd-logind: got fd for /dev/input/event3 13:67 fd 56 paused 0
[    13.788] (**) Dell WMI hotkeys: always reports core events
[    13.788] (**) Option "Device" "/dev/input/event3"
[    13.789] (II) event3  - Dell WMI hotkeys: is tagged by udev as: Keyboard
[    13.789] (II) event3  - Dell WMI hotkeys: device is a keyboard
[    13.790] (II) event3  - Dell WMI hotkeys: device removed
[    13.790] (**) Option "config_info" "udev:/sys/devices/platform/PNP0C14:04/wmi_bus/wmi_bus-PNP0C14:04/9DBB5994-A997-11DA-B012-B622A1EF5492/input/input11/event3"
[    13.790] (II) XINPUT: Adding extended input device "Dell WMI hotkeys" (type: KEYBOARD, id 15)
[    13.790] (**) Option "xkb_model" "pc105"
[    13.790] (**) Option "xkb_layout" "us"
[    13.791] (II) event3  - Dell WMI hotkeys: is tagged by udev as: Keyboard
[    13.791] (II) event3  - Dell WMI hotkeys: device is a keyboard
[    13.792] (II) config/udev: Adding input device AT Translated Set 2 keyboard (/dev/input/event2)
[    13.792] (**) AT Translated Set 2 keyboard: Applying InputClass "libinput keyboard catchall"
[    13.792] (II) Using input driver 'libinput' for 'AT Translated Set 2 keyboard'
[    13.792] (II) systemd-logind: got fd for /dev/input/event2 13:66 fd 57 paused 0
[    13.792] (**) AT Translated Set 2 keyboard: always reports core events
[    13.792] (**) Option "Device" "/dev/input/event2"
[    13.793] (II) event2  - AT Translated Set 2 keyboard: is tagged by udev as: Keyboard
[    13.793] (II) event2  - AT Translated Set 2 keyboard: device is a keyboard
[    13.793] (II) event2  - AT Translated Set 2 keyboard: device removed
[    13.794] (**) Option "config_info" "udev:/sys/devices/platform/i8042/serio0/input/input2/event2"
[    13.794] (II) XINPUT: Adding extended input device "AT Translated Set 2 keyboard" (type: KEYBOARD, id 16)
[    13.794] (**) Option "xkb_model" "pc105"
[    13.794] (**) Option "xkb_layout" "us"
[    13.794] (II) event2  - AT Translated Set 2 keyboard: is tagged by udev as: Keyboard
[    13.794] (II) event2  - AT Translated Set 2 keyboard: device is a keyboard
[    13.795] (II) config/udev: Adding input device PS/2 Generic Mouse (/dev/input/event5)
[    13.795] (**) PS/2 Generic Mouse: Applying InputClass "libinput pointer catchall"
[    13.795] (II) Using input driver 'libinput' for 'PS/2 Generic Mouse'
[    13.796] (II) systemd-logind: got fd for /dev/input/event5 13:69 fd 58 paused 0
[    13.796] (**) PS/2 Generic Mouse: always reports core events
[    13.796] (**) Option "Device" "/dev/input/event5"
[    13.796] (II) event5  - PS/2 Generic Mouse: is tagged by udev as: Mouse
[    13.796] (II) event5  - PS/2 Generic Mouse: device is a pointer
[    13.797] (II) event5  - PS/2 Generic Mouse: device removed
[    13.797] (**) Option "config_info" "udev:/sys/devices/platform/i8042/serio1/input/input4/event5"
[    13.797] (II) XINPUT: Adding extended input device "PS/2 Generic Mouse" (type: MOUSE, id 17)
[    13.797] (**) Option "AccelerationScheme" "none"
[    13.797] (**) PS/2 Generic Mouse: (accel) selected scheme none/0
[    13.797] (**) PS/2 Generic Mouse: (accel) acceleration factor: 2.000
[    13.797] (**) PS/2 Generic Mouse: (accel) acceleration threshold: 4
[    13.797] (II) event5  - PS/2 Generic Mouse: is tagged by udev as: Mouse
[    13.797] (II) event5  - PS/2 Generic Mouse: device is a pointer
[    13.798] (II) config/udev: Adding input device PS/2 Generic Mouse (/dev/input/mouse2)
[    13.798] (II) No input driver specified, ignoring this device.
[    13.798] (II) This device may have been added with another device file.
[    13.895] (II) modeset(0): EDID vendor "LGD", prod id 1523
[    13.895] (II) modeset(0): Printing DDC gathered Modelines:
[    13.895] (II) modeset(0): Modeline "1920x1080"x0.0  138.70  1920 1968 2000 2080  1080 1083 1088 1111 +hsync -vsync (66.7 kHz eP)
[    13.895] (II) modeset(0): Modeline "1920x1080"x0.0  110.96  1920 1968 2000 2080  1080 1083 1088 1111 +hsync -vsync (53.3 kHz e)
[    13.929] (II) modeset(0): EDID vendor "LGD", prod id 1523
[    13.929] (II) modeset(0): Printing DDC gathered Modelines:
[    13.929] (II) modeset(0): Modeline "1920x1080"x0.0  138.70  1920 1968 2000 2080  1080 1083 1088 1111 +hsync -vsync (66.7 kHz eP)
[    13.929] (II) modeset(0): Modeline "1920x1080"x0.0  110.96  1920 1968 2000 2080  1080 1083 1088 1111 +hsync -vsync (53.3 kHz e)
[    13.962] (II) modeset(0): EDID vendor "LGD", prod id 1523
[    13.962] (II) modeset(0): Printing DDC gathered Modelines:
[    13.962] (II) modeset(0): Modeline "1920x1080"x0.0  138.70  1920 1968 2000 2080  1080 1083 1088 1111 +hsync -vsync (66.7 kHz eP)
[    13.962] (II) modeset(0): Modeline "1920x1080"x0.0  110.96  1920 1968 2000 2080  1080 1083 1088 1111 +hsync -vsync (53.3 kHz e)
[    13.995] (II) modeset(0): EDID vendor "LGD", prod id 1523
[    13.995] (II) modeset(0): Printing DDC gathered Modelines:
[    13.995] (II) modeset(0): Modeline "1920x1080"x0.0  138.70  1920 1968 2000 2080  1080 1083 1088 1111 +hsync -vsync (66.7 kHz eP)
[    13.995] (II) modeset(0): Modeline "1920x1080"x0.0  110.96  1920 1968 2000 2080  1080 1083 1088 1111 +hsync -vsync (53.3 kHz e)
[    14.028] (II) modeset(0): EDID vendor "LGD", prod id 1523
[    14.028] (II) modeset(0): Printing DDC gathered Modelines:
[    14.028] (II) modeset(0): Modeline "1920x1080"x0.0  138.70  1920 1968 2000 2080  1080 1083 1088 1111 +hsync -vsync (66.7 kHz eP)
[    14.028] (II) modeset(0): Modeline "1920x1080"x0.0  110.96  1920 1968 2000 2080  1080 1083 1088 1111 +hsync -vsync (53.3 kHz e)
[    14.317] (II) modeset(0): Allocate new frame buffer 320x200 stride
[    14.326] (II) modeset(0): Allocate new frame buffer 1920x1080 stride
[    15.852] (II) modeset(0): EDID vendor "LGD", prod id 1523
[    15.852] (II) modeset(0): Printing DDC gathered Modelines:
[    15.852] (II) modeset(0): Modeline "1920x1080"x0.0  138.70  1920 1968 2000 2080  1080 1083 1088 1111 +hsync -vsync (66.7 kHz eP)
[    15.852] (II) modeset(0): Modeline "1920x1080"x0.0  110.96  1920 1968 2000 2080  1080 1083 1088 1111 +hsync -vsync (53.3 kHz e)
[    17.484] (II) modeset(0): EDID vendor "LGD", prod id 1523
[    17.484] (II) modeset(0): Printing DDC gathered Modelines:
[    17.484] (II) modeset(0): Modeline "1920x1080"x0.0  138.70  1920 1968 2000 2080  1080 1083 1088 1111 +hsync -vsync (66.7 kHz eP)
[    17.484] (II) modeset(0): Modeline "1920x1080"x0.0  110.96  1920 1968 2000 2080  1080 1083 1088 1111 +hsync -vsync (53.3 kHz e)
[   118.602] (II) config/udev: Adding input device GeneralPlus USB Audio Device (/dev/input/event17)
[   118.602] (**) GeneralPlus USB Audio Device: Applying InputClass "libinput keyboard catchall"
[   118.602] (II) Using input driver 'libinput' for 'GeneralPlus USB Audio Device'
[   118.603] (II) systemd-logind: got fd for /dev/input/event17 13:81 fd 93 paused 0
[   118.603] (**) GeneralPlus USB Audio Device: always reports core events
[   118.603] (**) Option "Device" "/dev/input/event17"
[   118.604] (II) event17 - GeneralPlus USB Audio Device: is tagged by udev as: Keyboard
[   118.604] (II) event17 - GeneralPlus USB Audio Device: device is a keyboard
[   118.604] (II) event17 - GeneralPlus USB Audio Device: device removed
[   118.605] (**) Option "config_info" "udev:/sys/devices/pci0000:00/0000:00:14.0/usb1/1-1/1-1:1.3/0003:1B3F:2008.0004/input/input22/event17"
[   118.605] (II) XINPUT: Adding extended input device "GeneralPlus USB Audio Device" (type: KEYBOARD, id 18)
[   118.605] (**) Option "xkb_model" "pc105"
[   118.605] (**) Option "xkb_layout" "us"
[   118.605] (WW) Option "xkb_variant" requires a string value
[   118.605] (WW) Option "xkb_options" requires a string value
[   118.606] (II) event17 - GeneralPlus USB Audio Device: is tagged by udev as: Keyboard
[   118.606] (II) event17 - GeneralPlus USB Audio Device: device is a keyboard
