2023-04-07 20:40:54.803 [info] Reading sessions from keychain...
2023-04-07 20:40:54.803 [info] Getting sessions for all scopes...
2023-04-07 20:40:54.803 [info] Got 0 sessions for ...
2023-04-07 20:40:54.803 [info] Getting sessions for user:email...
2023-04-07 20:40:54.803 [info] Got 0 sessions for user:email...
2023-04-07 20:40:54.803 [info] Getting sessions for all scopes...
2023-04-07 20:40:54.803 [info] Got 0 sessions for ...
2023-04-07 20:40:54.883 [info] Getting sessions for all scopes...
2023-04-07 20:40:54.884 [info] Got 0 sessions for ...
2023-04-07 20:42:07.421 [info] Getting sessions for read:user,repo,user:email,workflow...
2023-04-07 20:42:07.421 [info] Got 0 sessions for read:user,repo,user:email,workflow...
2023-04-07 20:42:10.554 [info] Logging in for the following scopes: read:user repo user:email workflow
2023-04-07 20:42:10.555 [info] Trying without local server... (read:user repo user:email workflow)
2023-04-07 20:42:34.902 [info] Exchanging code for token...
2023-04-07 20:42:36.189 [info] Token exchange success!
2023-04-07 20:42:36.195 [info] Getting user info...
2023-04-07 20:42:36.947 [info] Got account info!
2023-04-07 20:42:36.948 [info] Storing 1 sessions...
2023-04-07 20:42:37.002 [info] Reading sessions from keychain...
2023-04-07 20:42:37.002 [info] Stored 1 sessions!
2023-04-07 20:42:37.003 [info] Login success!
2023-04-07 20:42:37.004 [info] Getting sessions for user:email...
2023-04-07 20:42:37.009 [info] Got stored sessions!
2023-04-07 20:42:37.009 [info] Got 1 verified sessions.
2023-04-07 20:42:37.009 [info] Got 0 sessions for user:email...
2023-04-07 20:42:38.483 [info] Getting user info...
2023-04-07 20:42:39.030 [info] Got account info!
2023-04-07 20:57:31.702 [info] Getting sessions for read:user,repo,user:email,workflow...
2023-04-07 20:57:31.703 [info] Got 1 sessions for read:user,repo,user:email,workflow...
2023-04-07 21:00:32.803 [info] Getting sessions for read:user,repo,user:email,workflow...
2023-04-07 21:00:32.803 [info] Got 1 sessions for read:user,repo,user:email,workflow...
