2023-04-12 09:40:23.026 [info] Log level: Info
2023-04-12 09:40:23.026 [info] Validating found git in: "git"
2023-04-12 09:40:23.026 [info] Using git "2.34.1" from "git"
2023-04-12 09:40:23.026 [info] > git rev-parse --show-toplevel [13ms]
2023-04-12 09:40:23.042 [info] > git rev-parse --show-toplevel [10ms]
2023-04-12 09:40:23.060 [info] > git rev-parse --show-toplevel [13ms]
2023-04-12 09:40:23.069 [info] > git rev-parse --show-toplevel [4ms]
2023-04-12 09:40:23.075 [info] > git rev-parse --show-toplevel [1ms]
2023-04-12 09:40:23.080 [info] > git rev-parse --show-toplevel [0ms]
2023-04-12 09:40:23.087 [info] > git rev-parse --show-toplevel [2ms]
2023-04-12 09:40:23.093 [info] > git rev-parse --show-toplevel [1ms]
2023-04-12 09:40:23.100 [info] > git rev-parse --show-toplevel [2ms]
2023-04-12 09:40:23.112 [info] > git rev-parse --show-toplevel [2ms]
2023-04-12 09:40:23.118 [info] > git rev-parse --show-toplevel [1ms]
2023-04-12 09:40:23.679 [info] > git rev-parse --show-toplevel [4ms]
2023-04-12 09:40:44.911 [info] > git rev-parse --show-toplevel [0ms]
2023-04-12 09:40:50.659 [info] > git rev-parse --show-toplevel [1ms]
2023-04-12 09:41:59.546 [info] > git rev-parse --show-toplevel [2ms]
2023-04-12 09:43:40.466 [info] > git rev-parse --show-toplevel [1ms]
2023-04-12 09:43:40.473 [info] > git rev-parse --git-dir --git-common-dir [1ms]
2023-04-12 09:43:40.488 [info] Open repository: /home/vanphong17/Downloads/Thuc-tap-2023-main/PhongNV/Linux/Thuc-tap-2023
2023-04-12 09:43:40.499 [info] > git config --get commit.template [2ms]
2023-04-12 09:43:40.511 [info] > git for-each-ref --format=%(refname)%00%(upstream:short)%00%(objectname)%00%(upstream:track)%00%(upstream:remotename)%00%(upstream:remoteref) refs/heads/master refs/remotes/master [6ms]
2023-04-12 09:43:40.519 [info] > git status -z -uall [2ms]
2023-04-12 09:43:40.529 [info] > git config --get commit.template [2ms]
2023-04-12 09:43:40.535 [info] > git for-each-ref --format=%(refname)%00%(upstream:short)%00%(objectname)%00%(upstream:track)%00%(upstream:remotename)%00%(upstream:remoteref) refs/heads/master refs/remotes/master [1ms]
2023-04-12 09:43:40.540 [info] > git status -z -uall [1ms]
2023-04-12 09:43:41.032 [info] > git check-ignore -v -z --stdin [6ms]
2023-04-12 09:43:41.959 [info] > git config --get commit.template [9ms]
2023-04-12 09:43:41.960 [info] > git for-each-ref --format=%(refname)%00%(upstream:short)%00%(objectname)%00%(upstream:track)%00%(upstream:remotename)%00%(upstream:remoteref) refs/heads/master refs/remotes/master [2ms]
2023-04-12 09:43:41.967 [info] > git status -z -uall [2ms]
2023-04-12 09:43:49.561 [info] > git config --get commit.template [8ms]
2023-04-12 09:43:49.562 [info] > git for-each-ref --format=%(refname)%00%(upstream:short)%00%(objectname)%00%(upstream:track)%00%(upstream:remotename)%00%(upstream:remoteref) refs/heads/main refs/remotes/main [2ms]
2023-04-12 09:43:49.735 [info] > git status -z -uall [167ms]
2023-04-12 09:54:03.510 [info] > git check-ignore -v -z --stdin [3ms]
2023-04-12 09:54:08.223 [info] > git check-ignore -v -z --stdin [1ms]
2023-04-12 09:54:16.109 [info] > git check-ignore -v -z --stdin [3ms]
2023-04-12 09:54:19.339 [info] > git check-ignore -v -z --stdin [1ms]
2023-04-12 09:54:21.851 [info] > git check-ignore -v -z --stdin [1ms]
2023-04-12 09:54:28.867 [info] > git check-ignore -v -z --stdin [3ms]
2023-04-12 09:54:29.364 [info] > git config --get commit.template [9ms]
2023-04-12 09:54:29.366 [info] > git for-each-ref --format=%(refname)%00%(upstream:short)%00%(objectname)%00%(upstream:track)%00%(upstream:remotename)%00%(upstream:remoteref) refs/heads/main refs/remotes/main [3ms]
2023-04-12 09:54:29.515 [info] > git status -z -uall [143ms]
2023-04-12 09:54:29.879 [info] > git check-ignore -v -z --stdin [2ms]
2023-04-12 09:54:34.875 [info] > git check-ignore -v -z --stdin [3ms]
2023-04-12 09:54:35.380 [info] > git config --get commit.template [1ms]
2023-04-12 09:54:35.387 [info] > git for-each-ref --format=%(refname)%00%(upstream:short)%00%(objectname)%00%(upstream:track)%00%(upstream:remotename)%00%(upstream:remoteref) refs/heads/main refs/remotes/main [2ms]
2023-04-12 09:54:35.537 [info] > git status -z -uall [144ms]
2023-04-12 09:54:35.978 [info] > git check-ignore -v -z --stdin [1ms]
2023-04-12 09:54:42.465 [info] > git check-ignore -v -z --stdin [3ms]
2023-04-12 09:54:43.045 [info] > git config --get commit.template [17ms]
2023-04-12 09:54:43.047 [info] > git for-each-ref --format=%(refname)%00%(upstream:short)%00%(objectname)%00%(upstream:track)%00%(upstream:remotename)%00%(upstream:remoteref) refs/heads/main refs/remotes/main [4ms]
2023-04-12 09:54:43.181 [info] > git status -z -uall [119ms]
2023-04-12 09:54:50.280 [info] > git check-ignore -v -z --stdin [6ms]
2023-04-12 09:54:50.739 [info] > git config --get commit.template [20ms]
2023-04-12 09:54:50.741 [info] > git for-each-ref --format=%(refname)%00%(upstream:short)%00%(objectname)%00%(upstream:track)%00%(upstream:remotename)%00%(upstream:remoteref) refs/heads/main refs/remotes/main [4ms]
2023-04-12 09:54:50.859 [info] > git status -z -uall [104ms]
2023-04-12 09:54:51.545 [info] > git check-ignore -v -z --stdin [3ms]
2023-04-12 09:54:58.008 [info] > git check-ignore -v -z --stdin [1ms]
2023-04-12 09:54:58.544 [info] > git config --get commit.template [21ms]
2023-04-12 09:54:58.548 [info] > git for-each-ref --format=%(refname)%00%(upstream:short)%00%(objectname)%00%(upstream:track)%00%(upstream:remotename)%00%(upstream:remoteref) refs/heads/main refs/remotes/main [5ms]
2023-04-12 09:54:58.669 [info] > git status -z -uall [105ms]
2023-04-12 09:55:02.006 [info] > git check-ignore -v -z --stdin [3ms]
2023-04-12 09:55:02.558 [info] > git check-ignore -v -z --stdin [3ms]
2023-04-12 09:55:03.611 [info] > git check-ignore -v -z --stdin [1ms]
2023-04-12 09:55:03.727 [info] > git config --get commit.template [23ms]
2023-04-12 09:55:03.729 [info] > git for-each-ref --format=%(refname)%00%(upstream:short)%00%(objectname)%00%(upstream:track)%00%(upstream:remotename)%00%(upstream:remoteref) refs/heads/main refs/remotes/main [4ms]
2023-04-12 09:55:03.842 [info] > git status -z -uall [100ms]
2023-04-12 09:55:06.750 [info] > git show --textconv :PhongNV/Linux/Bài 8_Linux Swap memory/Swap memory.md [8ms]
2023-04-12 09:55:06.751 [info] > git ls-files --stage -- /home/vanphong17/Downloads/Thuc-tap-2023-main/PhongNV/Linux/Thuc-tap-2023/PhongNV/Linux/Bài 8_Linux Swap memory/Swap memory.md [2ms]
2023-04-12 09:55:06.759 [info] > git cat-file -s 037eb88c4d317967b28e45a23c897a08f47c7190 [1ms]
2023-04-12 09:55:06.947 [info] > git check-ignore -v -z --stdin [4ms]
2023-04-12 09:55:08.893 [info] > git config --get commit.template [21ms]
2023-04-12 09:55:08.897 [info] > git for-each-ref --format=%(refname)%00%(upstream:short)%00%(objectname)%00%(upstream:track)%00%(upstream:remotename)%00%(upstream:remoteref) refs/heads/main refs/remotes/main [5ms]
2023-04-12 09:55:08.992 [info] > git status -z -uall [80ms]
2023-04-12 09:55:19.547 [info] > git show --textconv :PhongNV/Linux/08. Linux Swap memory/Swap memory.md [21ms]
2023-04-12 09:55:19.554 [info] > git ls-files --stage -- /home/vanphong17/Downloads/Thuc-tap-2023-main/PhongNV/Linux/Thuc-tap-2023/PhongNV/Linux/08. Linux Swap memory/Swap memory.md [9ms]
2023-04-12 09:55:19.862 [info] > git check-ignore -v -z --stdin [1ms]
2023-04-12 09:55:20.388 [info] > git config --get commit.template [18ms]
2023-04-12 09:55:20.389 [info] > git for-each-ref --format=%(refname)%00%(upstream:short)%00%(objectname)%00%(upstream:track)%00%(upstream:remotename)%00%(upstream:remoteref) refs/heads/main refs/remotes/main [4ms]
2023-04-12 09:55:20.495 [info] > git status -z -uall [91ms]
2023-04-12 09:55:30.572 [info] > git check-ignore -v -z --stdin [1ms]
2023-04-12 09:55:31.107 [info] > git config --get commit.template [14ms]
2023-04-12 09:55:31.108 [info] > git for-each-ref --format=%(refname)%00%(upstream:short)%00%(objectname)%00%(upstream:track)%00%(upstream:remotename)%00%(upstream:remoteref) refs/heads/main refs/remotes/main [3ms]
2023-04-12 09:55:31.179 [info] > git status -z -uall [64ms]
2023-04-12 09:55:43.043 [info] > git check-ignore -v -z --stdin [3ms]
2023-04-12 09:55:43.580 [info] > git config --get commit.template [17ms]
2023-04-12 09:55:43.582 [info] > git for-each-ref --format=%(refname)%00%(upstream:short)%00%(objectname)%00%(upstream:track)%00%(upstream:remotename)%00%(upstream:remoteref) refs/heads/main refs/remotes/main [4ms]
2023-04-12 09:55:43.675 [info] > git status -z -uall [79ms]
2023-04-12 09:55:44.655 [info] > git check-ignore -v -z --stdin [4ms]
2023-04-12 09:55:46.500 [info] > git check-ignore -v -z --stdin [1ms]
2023-04-12 09:55:47.616 [info] > git show --textconv :PhongNV/Linux/10. LVM/Bai 10LVM.md [11ms]
2023-04-12 09:55:47.617 [info] > git ls-files --stage -- /home/vanphong17/Downloads/Thuc-tap-2023-main/PhongNV/Linux/Thuc-tap-2023/PhongNV/Linux/10. LVM/Bai 10LVM.md [2ms]
2023-04-12 09:55:56.044 [info] > git rev-parse --show-toplevel [4ms]
2023-04-12 09:56:35.611 [info] > git rev-parse --show-toplevel [3ms]
2023-04-12 09:56:48.796 [info] > git show --textconv :PhongNV/Linux/08. Linux Swap memory/Swap memory.md [14ms]
2023-04-12 09:56:48.800 [info] > git ls-files --stage -- /home/vanphong17/Downloads/Thuc-tap-2023-main/PhongNV/Linux/Thuc-tap-2023/PhongNV/Linux/08. Linux Swap memory/Swap memory.md [5ms]
2023-04-12 09:57:26.777 [info] > git config --get commit.template [5ms]
2023-04-12 09:57:26.777 [info] > git for-each-ref --format=%(refname)%00%(upstream:short)%00%(objectname)%00%(upstream:track)%00%(upstream:remotename)%00%(upstream:remoteref) refs/heads/main refs/remotes/main [1ms]
2023-04-12 09:57:26.785 [info] > git status -z -uall [3ms]
2023-04-12 09:57:26.877 [info] > git ls-files --stage -- /home/vanphong17/Downloads/Thuc-tap-2023-main/PhongNV/Linux/Thuc-tap-2023/PhongNV/Linux/10. LVM/Bai 10LVM.md [2ms]
2023-04-12 09:57:26.944 [info] > git show --textconv :PhongNV/Linux/10. LVM/Bai 10LVM.md [51ms]
