00:00:00.000165 main     VirtualBox XPCOM Server 7.0.6 r155176 linux.amd64 (Jan 11 2023 17:07:39) release log
00:00:00.000169 main     Log opened 2023-04-11T15:32:51.745040000Z
00:00:00.000170 main     Build Type: release
00:00:00.000174 main     OS Product: Linux
00:00:00.000174 main     OS Release: 5.19.0-38-generic
00:00:00.000175 main     OS Version: #39~22.04.1-Ubuntu SMP PREEMPT_DYNAMIC Fri Mar 17 21:16:15 UTC 2
00:00:00.000204 main     DMI Product Name: Inspiron 5490
00:00:00.000209 main     DMI Product Version: 
00:00:00.000215 main     Firmware type: UEFI
00:00:00.000832 main     Secure Boot: Disabled
00:00:00.000908 main     Host RAM: 7608MB (7.4GB) total, 4948MB (4.8GB) available
00:00:00.000912 main     Executable: /usr/lib/virtualbox/VBoxSVC
00:00:00.000913 main     Process ID: 38900
00:00:00.000913 main     Package type: LINUX_64BITS_UBUNTU_22_04
00:00:00.002318 main     IPC socket path: /tmp/.vbox-vanphong17-ipc/ipcd
00:00:00.106897 nspr-2   VirtualBox: object creation starts
00:00:00.107110 nspr-2   Home directory: '/home/vanphong17/.config/VirtualBox'
00:00:00.131849 nspr-2   NetIfAdpCtlOut: VBoxNetAdpCtl: Error while retrieving link speed for wlp0s20f3: VBoxNetAdpCtl: ioctl failed: Operation not supported
00:00:00.133973 nspr-2   HostDnsMonitor: initializing
00:00:00.134708 nspr-2   NAT: resolv.conf: nameserver 127.0.0.53
00:00:00.134730 nspr-2   NAT: resolv.conf: ignoring "options edns0 trust-ad"
00:00:00.134743 nspr-2   HostDnsMonitor: updating information
00:00:00.134763 nspr-2   HostDnsMonitor: old information
00:00:00.134767 nspr-2     no server entries
00:00:00.134770 nspr-2     no domain set
00:00:00.134773 nspr-2     no search string entries
00:00:00.134776 nspr-2   HostDnsMonitor: new information
00:00:00.134779 nspr-2     server 1: 127.0.0.53
00:00:00.134782 nspr-2     domain: .
00:00:00.134785 nspr-2     search string 1: .
00:00:00.137916 nspr-2   VD: VDInit finished with VINF_SUCCESS
00:00:00.139203 nspr-2   VirtualBox: object created
00:00:00.175279 nspr-4   Saving settings file "/home/vanphong17/.config/VirtualBox/VirtualBox.xml" with version "1.12-linux"
00:00:00.177657 nspr-4   Finished saving settings file "/home/vanphong17/.config/VirtualBox/VirtualBox.xml"
00:00:00.177758 nspr-4   Saving settings file "/home/vanphong17/.config/VirtualBox/VirtualBox.xml" with version "1.12-linux"
00:00:00.179339 nspr-4   Finished saving settings file "/home/vanphong17/.config/VirtualBox/VirtualBox.xml"
00:00:00.179468 nspr-4   Saving settings file "/home/vanphong17/.config/VirtualBox/VirtualBox.xml" with version "1.12-linux"
00:00:00.181150 nspr-4   Finished saving settings file "/home/vanphong17/.config/VirtualBox/VirtualBox.xml"
00:00:00.615048 nspr-4   Saving settings file "/home/vanphong17/.config/VirtualBox/VirtualBox.xml" with version "1.12-linux"
00:00:00.616769 nspr-4   Finished saving settings file "/home/vanphong17/.config/VirtualBox/VirtualBox.xml"
00:00:00.658618 nspr-2   Saving settings file "/home/vanphong17/.config/VirtualBox/VirtualBox.xml" with version "1.12-linux"
00:00:00.660301 nspr-2   Finished saving settings file "/home/vanphong17/.config/VirtualBox/VirtualBox.xml"
00:00:00.692037 nspr-3   WARNING [COM]: aRC=NS_ERROR_FAILURE (0x80004005) aIID={e54f6256-97a7-4947-8a78-10c013ddf4b8} aComponent={HostWrap} aText={VirtualBox is not currently allowed to access USB devices.  You can change this by adding your user to the 'vboxusers' group.  Please see the user manual for a more detailed explanation}, preserve=false aResultDetail=0
00:00:00.949423 nspr-3   Saving settings file "/home/vanphong17/.config/VirtualBox/VirtualBox.xml" with version "1.12-linux"
00:00:00.951243 nspr-3   Finished saving settings file "/home/vanphong17/.config/VirtualBox/VirtualBox.xml"
00:00:10.469237 main     VirtualBox: object deletion starts
00:00:10.469495 main     HostDnsMonitor: shutting down ...
00:00:10.469692 main     HostDnsMonitor: shut down
00:00:10.480118 Watcher  ERROR [COM]: aRC=E_ACCESSDENIED (0x80070005) aIID={7682d5eb-f00e-44f1-8ca2-99d08b1cd607} aComponent={VirtualBoxWrap} aText={The object is not ready}, preserve=false aResultDetail=0
00:00:10.480278 main     VirtualBox: object deleted
