2023-04-10 13:21:15.114 [info] Log level: Info
2023-04-10 13:21:15.114 [info] Validating found git in: "git"
2023-04-10 13:21:15.114 [info] Using git "2.34.1" from "git"
2023-04-10 13:21:15.114 [info] > git rev-parse --show-toplevel [7ms]
2023-04-10 13:21:15.114 [info] > git rev-parse --git-dir --git-common-dir [1ms]
2023-04-10 13:21:15.114 [info] Open repository: /home/vanphong17
2023-04-10 13:21:15.114 [info] > git rev-parse --show-toplevel [12ms]
2023-04-10 13:21:15.114 [info] > git rev-parse --show-toplevel [14ms]
2023-04-10 13:21:15.114 [info] > git config --get commit.template [49ms]
2023-04-10 13:21:15.114 [info] > git rev-parse --show-toplevel [33ms]
2023-04-10 13:21:15.114 [info] > git rev-parse --show-toplevel [16ms]
2023-04-10 13:21:15.120 [info] > git rev-parse --show-toplevel [2ms]
2023-04-10 13:21:15.124 [info] > git for-each-ref --format=%(refname)%00%(upstream:short)%00%(objectname)%00%(upstream:track)%00%(upstream:remotename)%00%(upstream:remoteref) refs/heads/master refs/remotes/master [11ms]
2023-04-10 13:21:15.131 [info] > git rev-parse --show-toplevel [7ms]
2023-04-10 13:21:15.138 [info] > git rev-parse --show-toplevel [2ms]
2023-04-10 13:21:15.143 [info] > git rev-parse --show-toplevel [1ms]
2023-04-10 13:21:15.150 [info] > git rev-parse --show-toplevel [3ms]
2023-04-10 13:21:15.163 [info] > git rev-parse --show-toplevel [1ms]
2023-04-10 13:21:15.177 [info] > git rev-parse --show-toplevel [8ms]
2023-04-10 13:21:15.186 [info] > git rev-parse --git-dir --git-common-dir [3ms]
2023-04-10 13:21:15.191 [info] Open repository: /home/vanphong17/BaoCao
2023-04-10 13:21:15.205 [info] > git rev-parse --show-toplevel [7ms]
2023-04-10 13:21:15.212 [info] > git config --get commit.template [7ms]
2023-04-10 13:21:15.222 [info] > git rev-parse --show-toplevel [12ms]
2023-04-10 13:21:15.228 [info] > git rev-parse --show-toplevel [2ms]
2023-04-10 13:21:15.232 [info] > git for-each-ref --format=%(refname)%00%(upstream:short)%00%(objectname)%00%(upstream:track)%00%(upstream:remotename)%00%(upstream:remoteref) refs/heads/main refs/remotes/main [10ms]
2023-04-10 13:21:15.239 [info] > git rev-parse --show-toplevel [8ms]
2023-04-10 13:21:15.246 [info] > git rev-parse --show-toplevel [1ms]
2023-04-10 13:21:15.256 [info] > git rev-parse --show-toplevel [2ms]
2023-04-10 13:21:15.262 [info] > git rev-parse --show-toplevel [1ms]
2023-04-10 13:21:15.268 [info] > git rev-parse --show-toplevel [1ms]
2023-04-10 13:21:15.274 [info] > git rev-parse --git-dir --git-common-dir [1ms]
2023-04-10 13:21:15.278 [info] Open repository: /home/vanphong17/Thuc-tap-2023
2023-04-10 13:21:15.292 [info] > git rev-parse --show-toplevel [5ms]
2023-04-10 13:21:15.297 [info] > git config --get commit.template [5ms]
2023-04-10 13:21:15.298 [info] > git rev-parse --show-toplevel [2ms]
2023-04-10 13:21:15.321 [info] > git rev-parse --show-toplevel [15ms]
2023-04-10 13:21:15.370 [info] > git rev-parse --show-toplevel [43ms]
2023-04-10 13:21:15.375 [info] > git for-each-ref --format=%(refname)%00%(upstream:short)%00%(objectname)%00%(upstream:track)%00%(upstream:remotename)%00%(upstream:remoteref) refs/heads/main refs/remotes/main [56ms]
2023-04-10 13:21:15.506 [info] > git status -z -uall [268ms]
2023-04-10 13:21:15.526 [info] > git config --get commit.template [2ms]
2023-04-10 13:21:15.543 [info] > git for-each-ref --format=%(refname)%00%(upstream:short)%00%(objectname)%00%(upstream:track)%00%(upstream:remotename)%00%(upstream:remoteref) refs/heads/main refs/remotes/main [1ms]
2023-04-10 13:21:15.772 [info] > git status -z -uall [224ms]
2023-04-10 13:21:15.859 [info] > git status -z -uall [475ms]
2023-04-10 13:21:15.878 [info] > git config --get commit.template [2ms]
2023-04-10 13:21:15.885 [info] > git for-each-ref --format=%(refname)%00%(upstream:short)%00%(objectname)%00%(upstream:track)%00%(upstream:remotename)%00%(upstream:remoteref) refs/heads/main refs/remotes/main [2ms]
2023-04-10 13:21:15.917 [info] > git check-ignore -v -z --stdin [6ms]
2023-04-10 13:21:15.920 [info] > git check-ignore -v -z --stdin [5ms]
2023-04-10 13:21:16.118 [info] > git status -z -uall [228ms]
2023-04-10 13:21:16.189 [info] > git status -z -uall [1059ms] (cancelled)
2023-04-10 13:21:30.387 [info] > git check-ignore -v -z --stdin [4ms]
2023-04-10 13:21:36.692 [info] > git check-ignore -v -z --stdin [53ms]
2023-04-10 13:21:36.724 [info] > git show --textconv :thietkequantrihethong/Buổi1.md [13ms]
2023-04-10 13:21:36.725 [info] > git ls-files --stage -- /home/vanphong17/thietkequantrihethong/Buổi1.md [7ms]
