2023-04-12 08:34:30.978 [info] Reading sessions from keychain...
2023-04-12 08:34:30.978 [info] Getting sessions for all scopes...
2023-04-12 08:34:30.978 [info] Getting sessions for all scopes...
2023-04-12 08:34:30.978 [info] Getting sessions for user:email...
2023-04-12 08:34:30.978 [info] Got stored sessions!
2023-04-12 08:34:30.978 [info] Got 1 verified sessions.
2023-04-12 08:34:30.978 [info] Got 1 sessions for ...
2023-04-12 08:34:30.978 [info] Got 1 sessions for ...
2023-04-12 08:34:30.978 [info] Got 0 sessions for user:email...
2023-04-12 08:34:31.151 [info] Getting sessions for all scopes...
2023-04-12 08:34:31.151 [info] Got 1 sessions for ...
2023-04-12 08:34:32.913 [info] Getting user info...
2023-04-12 08:34:33.470 [info] Got account info!
2023-04-12 08:34:57.597 [info] Reading sessions from keychain...
2023-04-12 08:34:57.597 [info] Getting sessions for all scopes...
2023-04-12 08:34:57.597 [info] Getting sessions for user:email...
2023-04-12 08:34:57.597 [info] Got stored sessions!
2023-04-12 08:34:57.597 [info] Got 1 verified sessions.
2023-04-12 08:34:57.597 [info] Got 1 sessions for ...
2023-04-12 08:34:57.597 [info] Got 0 sessions for user:email...
2023-04-12 08:34:57.634 [info] Getting sessions for all scopes...
2023-04-12 08:34:57.634 [info] Got 1 sessions for ...
2023-04-12 08:34:57.672 [info] Getting sessions for all scopes...
2023-04-12 08:34:57.672 [info] Got 1 sessions for ...
2023-04-12 08:34:59.488 [info] Getting user info...
2023-04-12 08:35:00.109 [info] Got account info!
