2023-04-12 08:34:31.036 [info] Log level: Info
2023-04-12 08:34:31.036 [info] Validating found git in: "git"
2023-04-12 08:34:31.036 [info] Using git "2.34.1" from "git"
2023-04-12 08:34:31.046 [info] > git rev-parse --show-toplevel [47ms]
2023-04-12 08:34:31.082 [info] > git rev-parse --git-dir --git-common-dir [12ms]
2023-04-12 08:34:31.094 [info] Open repository: /home/vanphong17
2023-04-12 08:34:31.117 [info] > git rev-parse --show-toplevel [12ms]
2023-04-12 08:34:31.145 [info] > git rev-parse --show-toplevel [21ms]
2023-04-12 08:34:31.151 [info] > git config --get commit.template [36ms]
2023-04-12 08:34:31.152 [info] > git rev-parse --show-toplevel [2ms]
2023-04-12 08:34:31.167 [info] > git for-each-ref --format=%(refname)%00%(upstream:short)%00%(objectname)%00%(upstream:track)%00%(upstream:remotename)%00%(upstream:remoteref) refs/heads/master refs/remotes/master [5ms]
2023-04-12 08:34:31.175 [info] > git rev-parse --show-toplevel [18ms]
2023-04-12 08:34:31.181 [info] > git rev-parse --show-toplevel [1ms]
2023-04-12 08:34:31.188 [info] > git rev-parse --show-toplevel [1ms]
2023-04-12 08:34:31.194 [info] > git rev-parse --show-toplevel [1ms]
2023-04-12 08:34:31.200 [info] > git rev-parse --show-toplevel [1ms]
2023-04-12 08:34:31.206 [info] > git rev-parse --show-toplevel [1ms]
2023-04-12 08:34:31.211 [info] > git rev-parse --show-toplevel [1ms]
2023-04-12 08:34:31.216 [info] > git rev-parse --show-toplevel [1ms]
2023-04-12 08:34:31.222 [info] > git rev-parse --show-toplevel [1ms]
2023-04-12 08:34:31.226 [info] > git rev-parse --git-dir --git-common-dir [0ms]
2023-04-12 08:34:31.229 [info] Open repository: /home/vanphong17/BaoCao
2023-04-12 08:34:31.243 [info] > git config --get commit.template [3ms]
2023-04-12 08:34:31.243 [info] > git rev-parse --show-toplevel [9ms]
2023-04-12 08:34:31.248 [info] > git rev-parse --show-toplevel [1ms]
2023-04-12 08:34:31.261 [info] > git for-each-ref --format=%(refname)%00%(upstream:short)%00%(objectname)%00%(upstream:track)%00%(upstream:remotename)%00%(upstream:remoteref) refs/heads/main refs/remotes/main [3ms]
2023-04-12 08:34:31.267 [info] > git rev-parse --show-toplevel [14ms]
2023-04-12 08:34:31.274 [info] > git rev-parse --show-toplevel [2ms]
2023-04-12 08:34:31.281 [info] > git rev-parse --show-toplevel [1ms]
2023-04-12 08:34:31.287 [info] > git rev-parse --show-toplevel [1ms]
2023-04-12 08:34:31.294 [info] > git rev-parse --show-toplevel [1ms]
2023-04-12 08:34:31.301 [info] > git rev-parse --show-toplevel [1ms]
2023-04-12 08:34:31.308 [info] > git rev-parse --git-dir --git-common-dir [0ms]
2023-04-12 08:34:31.313 [info] Open repository: /home/vanphong17/Thuc-tap-2023
2023-04-12 08:34:31.327 [info] > git rev-parse --show-toplevel [7ms]
2023-04-12 08:34:31.337 [info] > git rev-parse --show-toplevel [2ms]
2023-04-12 08:34:31.344 [info] > git config --get commit.template [18ms]
2023-04-12 08:34:31.351 [info] > git rev-parse --show-toplevel [8ms]
2023-04-12 08:34:31.359 [info] > git rev-parse --show-toplevel [1ms]
2023-04-12 08:34:31.361 [info] > git for-each-ref --format=%(refname)%00%(upstream:short)%00%(objectname)%00%(upstream:track)%00%(upstream:remotename)%00%(upstream:remoteref) refs/heads/main refs/remotes/main [11ms]
2023-04-12 08:34:31.459 [info] > git status -z -uall [191ms]
2023-04-12 08:34:31.473 [info] > git config --get commit.template [2ms]
2023-04-12 08:34:31.481 [info] > git for-each-ref --format=%(refname)%00%(upstream:short)%00%(objectname)%00%(upstream:track)%00%(upstream:remotename)%00%(upstream:remoteref) refs/heads/main refs/remotes/main [1ms]
2023-04-12 08:34:31.638 [info] > git status -z -uall [151ms]
2023-04-12 08:34:31.659 [info] > git check-ignore -v -z --stdin [2ms]
2023-04-12 08:34:31.676 [info] > git status -z -uall [309ms]
2023-04-12 08:34:31.690 [info] > git config --get commit.template [2ms]
2023-04-12 08:34:31.697 [info] > git for-each-ref --format=%(refname)%00%(upstream:short)%00%(objectname)%00%(upstream:track)%00%(upstream:remotename)%00%(upstream:remoteref) refs/heads/main refs/remotes/main [1ms]
2023-04-12 08:34:31.804 [info] > git status -z -uall [630ms] (cancelled)
2023-04-12 08:34:31.939 [info] > git status -z -uall [237ms]
2023-04-12 08:34:32.032 [info] > git show --textconv :thietkequantrihethong/Buổi1.md [9ms]
2023-04-12 08:34:32.035 [info] > git ls-files --stage -- /home/vanphong17/thietkequantrihethong/Buổi1.md [4ms]
2023-04-12 08:34:57.732 [info] Log level: Info
2023-04-12 08:34:57.732 [info] Validating found git in: "git"
2023-04-12 08:34:57.732 [info] Using git "2.34.1" from "git"
2023-04-12 08:34:57.736 [info] > git rev-parse --show-toplevel [6ms]
2023-04-12 08:34:57.747 [info] > git rev-parse --show-toplevel [3ms]
2023-04-12 08:34:57.755 [info] > git rev-parse --show-toplevel [2ms]
2023-04-12 08:34:57.764 [info] > git rev-parse --show-toplevel [4ms]
2023-04-12 08:34:57.771 [info] > git rev-parse --show-toplevel [1ms]
2023-04-12 08:34:57.791 [info] > git rev-parse --show-toplevel [13ms]
2023-04-12 08:34:57.797 [info] > git rev-parse --show-toplevel [1ms]
2023-04-12 08:34:57.810 [info] > git rev-parse --show-toplevel [7ms]
2023-04-12 08:34:57.819 [info] > git rev-parse --show-toplevel [3ms]
2023-04-12 08:34:57.827 [info] > git rev-parse --show-toplevel [1ms]
2023-04-12 08:34:57.835 [info] > git rev-parse --show-toplevel [2ms]
2023-04-12 08:34:57.843 [info] > git rev-parse --show-toplevel [2ms]
2023-04-12 08:40:06.689 [info] > git rev-parse --show-toplevel [2ms]
2023-04-12 08:40:16.669 [info] > git rev-parse --show-toplevel [1ms]
2023-04-12 08:41:46.400 [info] > git rev-parse --show-toplevel [2ms]
2023-04-12 08:42:33.909 [info] > git rev-parse --show-toplevel [2ms]
