2023-04-11 22:30:56.964 [info] [SharedProcess] using utility process
2023-04-11 22:30:57.075 [info] update#setState idle
2023-04-11 22:30:58.370 [info] [UtilityProcess id: 1, type: extensionHost, pid: <none>]: creating new...
2023-04-11 22:30:58.379 [info] [UtilityProcess id: 1, type: extensionHost, pid: 34232]: successfully created
2023-04-11 22:30:58.397 [info] [UtilityProcess id: 2, type: extensionHost, pid: <none>]: creating new...
2023-04-11 22:30:58.406 [info] [UtilityProcess id: 2, type: extensionHost, pid: 34233]: successfully created
2023-04-11 22:30:58.443 [info] [UtilityProcess type: shared-process, pid: <none>]: creating new...
2023-04-11 22:30:58.448 [info] [UtilityProcess id: 1, type: fileWatcher, pid: <none>]: creating new...
2023-04-11 22:30:58.459 [info] [UtilityProcess type: shared-process, pid: 34252]: successfully created
2023-04-11 22:30:58.461 [info] [UtilityProcess id: 1, type: fileWatcher, pid: 34253]: successfully created
2023-04-11 22:30:58.501 [info] [UtilityProcess id: 2, type: fileWatcher, pid: <none>]: creating new...
2023-04-11 22:30:58.506 [info] [UtilityProcess id: 2, type: fileWatcher, pid: 34273]: successfully created
2023-04-11 22:30:59.194 [info] [UtilityProcess id: 2, type: extensionHost, pid: 34233]: received exit event with code 0
2023-04-11 22:30:59.195 [info] Extension host with pid 34233 exited with code: 0, signal: unknown.
2023-04-11 22:30:59.207 [info] [UtilityProcess id: 1, type: fileWatcher, pid: 34253]: attempting to kill the process...
2023-04-11 22:30:59.208 [info] [UtilityProcess id: 1, type: fileWatcher, pid: 34253]: successfully killed the process
2023-04-11 22:30:59.218 [info] [UtilityProcess id: 1, type: fileWatcher, pid: 34253]: received exit event with code 0
2023-04-11 22:31:00.885 [info] [UtilityProcess id: 1, type: extensionHost, pid: 34232]: waiting to exit...
2023-04-11 22:31:00.886 [info] [UtilityProcess id: 2, type: fileWatcher, pid: 34273]: attempting to kill the process...
2023-04-11 22:31:00.886 [info] [UtilityProcess id: 2, type: fileWatcher, pid: 34273]: successfully killed the process
2023-04-11 22:31:00.899 [info] [UtilityProcess id: 2, type: fileWatcher, pid: 34273]: received exit event with code 15
2023-04-11 22:31:00.899 [error] [UtilityProcessWorker]: terminated unexpectedly with code 15, signal: unknown
2023-04-11 22:31:00.899 [error] [UtilityProcess id: 2, type: fileWatcher, pid: 34273]: crashed with code 15 and reason 'killed'
2023-04-11 22:31:01.028 [info] [UtilityProcess id: 1, type: extensionHost, pid: 34232]: received exit event with code 0
2023-04-11 22:31:01.028 [info] Extension host with pid 34232 exited with code: 0, signal: unknown.
